<?xml version="1.0" encoding="UTF-8"?>
<testng-results ignored="0" total="1" passed="1" failed="0" skipped="0">
  <reporter-output>
  </reporter-output>
  <suite started-at="2023-03-11T18:25:35 PST" name="Default suite" finished-at="2023-03-11T18:25:51 PST" duration-ms="16102">
    <groups>
    </groups>
    <test started-at="2023-03-11T18:25:35 PST" name="Default test" finished-at="2023-03-11T18:25:51 PST" duration-ms="16102">
      <class name="com.tests.simpleCRUDwithTekarch.GetDataTest">
        <test-method is-config="true" signature="init()[pri:0, instance:com.tests.simpleCRUDwithTekarch.GetDataTest@6356695f]" started-at="2023-03-11T18:25:35 PST" name="init" finished-at="2023-03-11T18:25:36 PST" duration-ms="678" status="PASS">
          <reporter-output>
          </reporter-output>
        </test-method> <!-- init -->
        <test-method signature="getUserData()[pri:0, instance:com.tests.simpleCRUDwithTekarch.GetDataTest@6356695f]" started-at="2023-03-11T18:25:36 PST" name="getUserData" finished-at="2023-03-11T18:25:51 PST" duration-ms="15375" status="PASS">
          <reporter-output>
          </reporter-output>
        </test-method> <!-- getUserData -->
      </class> <!-- com.tests.simpleCRUDwithTekarch.GetDataTest -->
    </test> <!-- Default test -->
  </suite> <!-- Default suite -->
</testng-results>
