<?xml version="1.0" encoding="UTF-8"?>
<testng-results ignored="0" total="1" passed="1" failed="0" skipped="0">
  <reporter-output>
  </reporter-output>
  <suite started-at="2023-03-13T17:11:28 PDT" name="Default suite" finished-at="2023-03-13T17:11:34 PDT" duration-ms="5745">
    <groups>
    </groups>
    <test started-at="2023-03-13T17:11:28 PDT" name="Default test" finished-at="2023-03-13T17:11:34 PDT" duration-ms="5745">
      <class name="com.tests.simpleCRUDwithTekarch.UpdateTestData">
        <test-method is-config="true" signature="init()[pri:0, instance:com.tests.simpleCRUDwithTekarch.UpdateTestData@6356695f]" started-at="2023-03-13T17:11:28 PDT" name="init" finished-at="2023-03-13T17:11:29 PDT" duration-ms="586" status="PASS">
          <reporter-output>
          </reporter-output>
        </test-method> <!-- init -->
        <test-method signature="updateUserData()[pri:0, instance:com.tests.simpleCRUDwithTekarch.UpdateTestData@6356695f]" started-at="2023-03-13T17:11:29 PDT" name="updateUserData" finished-at="2023-03-13T17:11:34 PDT" duration-ms="5120" status="PASS">
          <reporter-output>
          </reporter-output>
        </test-method> <!-- updateUserData -->
      </class> <!-- com.tests.simpleCRUDwithTekarch.UpdateTestData -->
    </test> <!-- Default test -->
  </suite> <!-- Default suite -->
</testng-results>
